7/21/2015 10:23:57 AM: mozilla/5.0 (macintosh; intel mac os x 10_10_4) applewebkit/537.36 (khtml, like gecko) chrome/43.0.2357.134 safari/537.36

7/21/2015 10:24:15 AM: mozilla/5.0 (macintosh; intel mac os x 10_10_4) applewebkit/537.36 (khtml, like gecko) chrome/43.0.2357.134 safari/537.36

7/21/2015 10:24:21 AM: mozilla/5.0 (macintosh; intel mac os x 10_10_4) applewebkit/537.36 (khtml, like gecko) chrome/43.0.2357.134 safari/537.36

9/28/2015 7:14:40 PM: mozilla/5.0 (macintosh; intel mac os x 10_10_5) applewebkit/537.36 (khtml, like gecko) chrome/45.0.2454.99 safari/537.36

9/28/2015 7:14:43 PM: mozilla/5.0 (macintosh; intel mac os x 10_10_5) applewebkit/537.36 (khtml, like gecko) chrome/45.0.2454.99 safari/537.36

9/28/2015 7:14:47 PM: mozilla/5.0 (macintosh; intel mac os x 10_10_5) applewebkit/537.36 (khtml, like gecko) chrome/45.0.2454.99 safari/537.36

10/3/2015 4:04:51 PM: mozilla/5.0 (iphone; cpu iphone os 8_0_2 like mac os x) applewebkit/600.1.4 (khtml, like gecko) version/8.0 mobile/12a405 safari/600.1.4

11/4/2015 11:58:37 PM: mozilla/5.0 (macintosh; intel mac os x 10_8_5) applewebkit/537.36 (khtml, like gecko) chrome/46.0.2490.80 safari/537.36

11/16/2015 11:20:44 AM: mozilla/5.0 [en] (x11, u; openvas 7.0.10)

11/16/2015 11:20:51 AM: mozilla/5.0 [en] (x11, u; openvas 7.0.10)

11/16/2015 11:20:54 AM: mozilla/5.0 [en] (x11, u; openvas 7.0.10)

11/16/2015 11:21:16 AM: mozilla/5.0 [en] (x11, u; openvas 7.0.10)

11/16/2015 11:21:17 AM: mozilla/5.0 [en] (x11, u; openvas 7.0.10)

11/16/2015 11:21:18 AM: mozilla/5.0 [en] (x11, u; openvas 7.0.10)

11/16/2015 11:21:20 AM: mozilla/5.0 [en] (x11, u; openvas 7.0.10)

11/16/2015 11:21:21 AM: mozilla/5.0 [en] (x11, u; openvas 7.0.10)

11/16/2015 11:21:30 AM: mozilla/5.0 [en] (x11, u; openvas 7.0.10)

11/16/2015 11:21:33 AM: mozilla/5.0 [en] (x11, u; openvas 7.0.10)

11/16/2015 11:22:17 AM: mozilla/5.0 [en] (x11, u; openvas 7.0.10)

11/16/2015 11:22:49 AM: mozilla/5.0 [en] (x11, u; openvas 7.0.10)

11/16/2015 11:22:59 AM: mozilla/5.0 [en] (x11, u; openvas 7.0.10)

11/16/2015 11:22:59 AM: mozilla/5.0 [en] (x11, u; openvas 7.0.10)

11/16/2015 11:23:09 AM: mozilla/5.0 [en] (x11, u; openvas 7.0.10)

11/16/2015 11:23:10 AM: mozilla/5.0 [en] (x11, u; openvas 7.0.10)

11/16/2015 11:23:11 AM: mozilla/5.0 [en] (x11, u; openvas 7.0.10)

11/16/2015 11:23:13 AM: mozilla/5.0 [en] (x11, u; openvas 7.0.10)

11/16/2015 11:23:16 AM: mozilla/5.0 [en] (x11, u; openvas 7.0.10)

11/16/2015 11:23:16 AM: mozilla/5.0 [en] (x11, u; openvas 7.0.10)

11/16/2015 11:23:18 AM: mozilla/5.0 [en] (x11, u; openvas 7.0.10)

11/16/2015 11:23:19 AM: mozilla/5.0 [en] (x11, u; openvas 7.0.10)

11/16/2015 11:23:21 AM: mozilla/5.0 [en] (x11, u; openvas 7.0.10)

11/16/2015 11:23:22 AM: mozilla/5.0 [en] (x11, u; openvas 7.0.10)

11/16/2015 11:23:23 AM: mozilla/5.0 [en] (x11, u; openvas 7.0.10)

11/16/2015 11:23:26 AM: mozilla/5.0 [en] (x11, u; openvas 7.0.10)

11/16/2015 11:23:43 AM: mozilla/5.0 [en] (x11, u; openvas 7.0.10)

11/16/2015 11:23:44 AM: mozilla/5.0 [en] (x11, u; openvas 7.0.10)

11/16/2015 11:23:47 AM: mozilla/5.0 [en] (x11, u; openvas 7.0.10)

11/16/2015 11:23:47 AM: mozilla/5.0 [en] (x11, u; openvas 7.0.10)

11/16/2015 11:23:50 AM: mozilla/5.0 [en] (x11, u; openvas 7.0.10)

11/16/2015 11:23:51 AM: mozilla/5.0 [en] (x11, u; openvas 7.0.10)

11/16/2015 11:23:53 AM: mozilla/5.0 [en] (x11, u; openvas 7.0.10)

11/16/2015 11:23:54 AM: mozilla/5.0 [en] (x11, u; openvas 7.0.10)

11/16/2015 11:23:54 AM: mozilla/5.0 [en] (x11, u; openvas 7.0.10)

11/16/2015 11:23:58 AM: mozilla/5.0 [en] (x11, u; openvas 7.0.10)

11/16/2015 11:24:19 AM: mozilla/5.0 [en] (x11, u; openvas 7.0.10)

11/16/2015 11:24:23 AM: mozilla/5.0 [en] (x11, u; openvas 7.0.10)

11/16/2015 11:24:23 AM: mozilla/5.0 [en] (x11, u; openvas 7.0.10)

11/16/2015 11:24:27 AM: mozilla/5.0 [en] (x11, u; openvas 7.0.10)

11/16/2015 11:27:02 AM: mozilla/5.0 [en] (x11, u; openvas 7.0.10)

11/16/2015 11:27:02 AM: mozilla/5.0 [en] (x11, u; openvas 7.0.10)

11/16/2015 11:27:02 AM: mozilla/5.0 [en] (x11, u; openvas 7.0.10)

11/16/2015 11:27:30 AM: mozilla/5.0 [en] (x11, u; openvas 7.0.10)

11/16/2015 11:27:31 AM: mozilla/5.0 [en] (x11, u; openvas 7.0.10)

11/16/2015 11:27:31 AM: mozilla/5.0 [en] (x11, u; openvas 7.0.10)

11/16/2015 11:28:18 AM: mozilla/5.0 [en] (x11, u; openvas 7.0.10)

11/16/2015 11:28:22 AM: mozilla/5.0 [en] (x11, u; openvas 7.0.10)

11/16/2015 11:31:19 AM: mozilla/5.0 [en] (x11, u; openvas 7.0.10)

11/16/2015 11:31:26 AM: mozilla/5.0 [en] (x11, u; openvas 7.0.10)

11/16/2015 11:31:46 AM: mozilla/5.0 [en] (x11, u; openvas 7.0.10)

11/16/2015 11:31:48 AM: mozilla/5.0 [en] (x11, u; openvas 7.0.10)

11/16/2015 11:31:57 AM: mozilla/5.0 [en] (x11, u; openvas 7.0.10)

11/16/2015 11:31:58 AM: mozilla/5.0 [en] (x11, u; openvas 7.0.10)

11/16/2015 11:32:05 AM: mozilla/5.0 [en] (x11, u; openvas 7.0.10)

11/16/2015 11:32:15 AM: mozilla/5.0 [en] (x11, u; openvas 7.0.10)

11/16/2015 11:32:35 AM: mozilla/5.0 [en] (x11, u; openvas 7.0.10)

11/16/2015 11:32:37 AM: mozilla/5.0 [en] (x11, u; openvas 7.0.10)

11/16/2015 11:32:38 AM: mozilla/5.0 [en] (x11, u; openvas 7.0.10)

11/16/2015 11:32:42 AM: mozilla/5.0 [en] (x11, u; openvas 7.0.10)

11/16/2015 11:32:47 AM: mozilla/5.0 [en] (x11, u; openvas 7.0.10)

11/16/2015 11:33:07 AM: mozilla/5.0 [en] (x11, u; openvas 7.0.10)

11/16/2015 11:33:08 AM: mozilla/5.0 [en] (x11, u; openvas 7.0.10)

11/16/2015 11:33:17 AM: mozilla/5.0 [en] (x11, u; openvas 7.0.10)

11/16/2015 11:33:22 AM: mozilla/5.0 [en] (x11, u; openvas 7.0.10)

11/16/2015 11:33:30 AM: mozilla/5.0 [en] (x11, u; openvas 7.0.10)

11/16/2015 11:34:02 AM: mozilla/5.0 [en] (x11, u; openvas 7.0.10)

11/16/2015 11:34:06 AM: mozilla/5.0 [en] (x11, u; openvas 7.0.10)

11/16/2015 11:34:13 AM: mozilla/5.0 [en] (x11, u; openvas 7.0.10)

11/16/2015 11:34:14 AM: mozilla/5.0 [en] (x11, u; openvas 7.0.10)

11/16/2015 11:34:22 AM: mozilla/5.0 [en] (x11, u; openvas 7.0.10)

11/16/2015 11:34:25 AM: mozilla/5.0 [en] (x11, u; openvas 7.0.10)

11/16/2015 11:34:39 AM: mozilla/5.0 [en] (x11, u; openvas 7.0.10)

11/16/2015 11:34:43 AM: mozilla/5.0 [en] (x11, u; openvas 7.0.10)

11/16/2015 11:34:54 AM: mozilla/5.0 [en] (x11, u; openvas 7.0.10)

11/16/2015 11:34:58 AM: mozilla/5.0 [en] (x11, u; openvas 7.0.10)

11/16/2015 11:35:04 AM: mozilla/5.0 [en] (x11, u; openvas 7.0.10)

11/16/2015 11:35:09 AM: mozilla/5.0 [en] (x11, u; openvas 7.0.10)

11/16/2015 11:35:20 AM: mozilla/5.0 [en] (x11, u; openvas 7.0.10)

11/16/2015 11:35:24 AM: mozilla/5.0 [en] (x11, u; openvas 7.0.10)

11/16/2015 11:35:42 AM: mozilla/5.0 [en] (x11, u; openvas 7.0.10)

11/16/2015 11:35:50 AM: mozilla/5.0 [en] (x11, u; openvas 7.0.10)

11/16/2015 11:35:51 AM: mozilla/5.0 [en] (x11, u; openvas 7.0.10)

11/16/2015 11:35:54 AM: mozilla/5.0 [en] (x11, u; openvas 7.0.10)

11/16/2015 11:36:06 AM: mozilla/5.0 [en] (x11, u; openvas 7.0.10)

11/16/2015 11:36:11 AM: mozilla/5.0 [en] (x11, u; openvas 7.0.10)

11/16/2015 11:36:15 AM: mozilla/5.0 [en] (x11, u; openvas 7.0.10)

11/16/2015 11:36:16 AM: mozilla/5.0 [en] (x11, u; openvas 7.0.10)

11/16/2015 1:37:38 PM: arachni

11/16/2015 1:37:38 PM: arachni

11/16/2015 1:37:38 PM: arachni

11/16/2015 1:38:01 PM: arachni

11/16/2015 1:38:01 PM: arachni

11/16/2015 1:38:01 PM: arachni

11/16/2015 1:38:01 PM: arachni

11/16/2015 1:38:01 PM: arachni

11/16/2015 1:38:01 PM: arachni

11/16/2015 1:38:01 PM: arachni

11/16/2015 1:38:01 PM: arachni

11/16/2015 1:38:01 PM: arachni

11/16/2015 1:38:04 PM: arachni

11/16/2015 1:38:04 PM: arachni

11/16/2015 1:38:04 PM: arachni

11/16/2015 1:38:04 PM: arachni

11/16/2015 1:38:04 PM: arachni

11/16/2015 1:38:04 PM: arachni

1/8/2016 9:57:33 AM: mozilla/5.0 (iphone; cpu iphone os 8_4_1 like mac os x) applewebkit/600.1.4 (khtml, like gecko) version/8.0 mobile/12h321 safari/600.1.4

1/15/2016 3:59:29 PM: mozilla/5.0 (macintosh; intel mac os x 10_11_2) applewebkit/537.36 (khtml, like gecko) chrome/47.0.2526.111 safari/537.36

1/15/2016 3:59:34 PM: mozilla/5.0 (macintosh; intel mac os x 10_11_2) applewebkit/537.36 (khtml, like gecko) chrome/47.0.2526.111 safari/537.36

1/15/2016 3:59:36 PM: mozilla/5.0 (macintosh; intel mac os x 10_11_2) applewebkit/537.36 (khtml, like gecko) chrome/47.0.2526.111 safari/537.36

1/16/2016 6:44:49 PM: mozilla/5.0 (linux; android 5.0.1; samsung-sm-n910a build/lrx22c) applewebkit/537.36 (khtml, like gecko) version/4.0 chrome/37.0.0.0 mobile safari/537.36 [pinterest/android]

4/13/2016 7:37:47 PM: mozilla/5.0 (linux; u; android 4.2.2; en-us; sm-t217s build/jdq39) applewebkit/534.30 (khtml, like gecko) version/4.0 safari/534.30 [pinterest/android]

4/13/2016 7:39:40 PM: mozilla/5.0 (linux; u; android 4.2.2; en-us; sm-t217s build/jdq39) applewebkit/534.30 (khtml, like gecko) version/4.0 safari/534.30 [pinterest/android]

4/13/2016 7:41:41 PM: mozilla/5.0 (linux; u; android 4.2.2; en-us; sm-t217s build/jdq39) applewebkit/534.30 (khtml, like gecko) version/4.0 safari/534.30 [pinterest/android]

5/28/2016 5:20:22 PM: mozilla/5.0 (windows nt 10.0; wow64) applewebkit/537.36 (khtml, like gecko) chrome/50.0.2661.102 safari/537.36

5/28/2016 5:20:35 PM: mozilla/5.0 (windows nt 10.0; wow64) applewebkit/537.36 (khtml, like gecko) chrome/50.0.2661.102 safari/537.36

8/26/2016 9:37:13 AM: mozilla/5.0 (windows nt 6.1; win64; x64; trident/7.0; rv:11.0) like gecko

9/7/2016 9:32:50 AM: mozilla/5.0 (ipad; cpu os 9_3_5 like mac os x) applewebkit/601.1.46 (khtml, like gecko) version/9.0 mobile/13g36 safari/601.1

9/9/2016 5:25:21 PM: mozilla/5.0 (ipad; cpu os 9_3_5 like mac os x) applewebkit/601.1.46 (khtml, like gecko) version/9.0 mobile/13g36 safari/601.1

9/9/2016 5:26:09 PM: mozilla/5.0 (ipad; cpu os 9_3_5 like mac os x) applewebkit/601.1.46 (khtml, like gecko) version/9.0 mobile/13g36 safari/601.1

9/9/2016 5:26:23 PM: mozilla/5.0 (ipad; cpu os 9_3_5 like mac os x) applewebkit/601.1.46 (khtml, like gecko) version/9.0 mobile/13g36 safari/601.1

9/9/2016 5:26:31 PM: mozilla/5.0 (ipad; cpu os 9_3_5 like mac os x) applewebkit/601.1.46 (khtml, like gecko) version/9.0 mobile/13g36 safari/601.1

9/9/2016 5:26:40 PM: mozilla/5.0 (ipad; cpu os 9_3_5 like mac os x) applewebkit/601.1.46 (khtml, like gecko) version/9.0 mobile/13g36 safari/601.1

9/9/2016 5:26:43 PM: mozilla/5.0 (ipad; cpu os 9_3_5 like mac os x) applewebkit/601.1.46 (khtml, like gecko) version/9.0 mobile/13g36 safari/601.1

9/9/2016 5:27:06 PM: mozilla/5.0 (ipad; cpu os 9_3_5 like mac os x) applewebkit/601.1.46 (khtml, like gecko) version/9.0 mobile/13g36 safari/601.1

9/9/2016 5:28:26 PM: mozilla/5.0 (ipad; cpu os 9_3_5 like mac os x) applewebkit/601.1.46 (khtml, like gecko) version/9.0 mobile/13g36 safari/601.1

10/12/2016 9:56:22 PM: mozilla/5.0 (iphone; cpu iphone os 10_0_1 like mac os x) applewebkit/602.1.50 (khtml, like gecko) mobile/14a403 [pinterest/ios]

